<?xml version="1.0" encoding="UTF-8"?>
<testng-results ignored="0" total="1" passed="1" failed="0" skipped="0">
  <reporter-output>
  </reporter-output>
  <suite started-at="2024-12-09T11:49:10 EET" name="Default Suite" finished-at="2024-12-09T11:49:27 EET" duration-ms="16595">
    <groups>
    </groups>
    <test started-at="2024-12-09T11:49:10 EET" name="headway2024" finished-at="2024-12-09T11:49:27 EET" duration-ms="16595">
      <class name="TestNGDemo">
        <test-method is-config="true" signature="setUP()[pri:0, instance:TestNGDemo@3ce1e309]" started-at="2024-12-09T11:49:10 EET" name="setUP" finished-at="2024-12-09T11:49:17 EET" duration-ms="6893" status="PASS">
          <reporter-output>
          </reporter-output>
        </test-method> <!-- setUP -->
        <test-method signature="verifyRegistrationProcess()[pri:0, instance:TestNGDemo@3ce1e309]" started-at="2024-12-09T11:49:17 EET" name="verifyRegistrationProcess" finished-at="2024-12-09T11:49:26 EET" duration-ms="8178" status="PASS">
          <reporter-output>
          </reporter-output>
        </test-method> <!-- verifyRegistrationProcess -->
        <test-method is-config="true" signature="closingWebsite()[pri:0, instance:TestNGDemo@3ce1e309]" started-at="2024-12-09T11:49:26 EET" name="closingWebsite" finished-at="2024-12-09T11:49:27 EET" duration-ms="1493" status="PASS">
          <reporter-output>
          </reporter-output>
        </test-method> <!-- closingWebsite -->
      </class> <!-- TestNGDemo -->
    </test> <!-- headway2024 -->
  </suite> <!-- Default Suite -->
</testng-results>
